0 info it worked if it ends with ok
1 verbose cli [ '/Users/hyeinyoo/.nvm/versions/node/v6.3.1/bin/node',
1 verbose cli   '/Users/hyeinyoo/.nvm/versions/node/v6.3.1/bin/npm',
1 verbose cli   'i',
1 verbose cli   '--S',
1 verbose cli   '@google.maps' ]
2 info using npm@3.10.3
3 info using node@v6.3.1
4 silly loadCurrentTree Starting
5 silly install loadCurrentTree
6 silly install readLocalPackageData
7 silly fetchPackageMetaData @google.maps
8 silly fetchOtherPackageData @google.maps
9 silly cache add args [ '@google.maps', null ]
10 verbose cache add spec @google.maps
11 silly cache add parsed spec Result {
11 silly cache add   raw: '@google.maps',
11 silly cache add   scope: null,
11 silly cache add   escapedName: null,
11 silly cache add   name: null,
11 silly cache add   rawSpec: '@google.maps',
11 silly cache add   spec: '/Users/hyeinyoo/temp/eslint-react-test/@google.maps',
11 silly cache add   type: 'local' }
12 error addLocal Could not install /Users/hyeinyoo/temp/eslint-react-test/@google.maps
13 silly fetchPackageMetaData Error: ENOENT: no such file or directory, open '/Users/hyeinyoo/temp/eslint-react-test/@google.maps'
13 silly fetchPackageMetaData     at Error (native)
13 silly fetchPackageMetaData  error for @google.maps { Error: ENOENT: no such file or directory, open '/Users/hyeinyoo/temp/eslint-react-test/@google.maps'
13 silly fetchPackageMetaData     at Error (native)
13 silly fetchPackageMetaData   errno: -2,
13 silly fetchPackageMetaData   code: 'ENOENT',
13 silly fetchPackageMetaData   syscall: 'open',
13 silly fetchPackageMetaData   path: '/Users/hyeinyoo/temp/eslint-react-test/@google.maps' }
14 silly rollbackFailedOptional Starting
15 silly rollbackFailedOptional Finishing
16 silly runTopLevelLifecycles Starting
17 silly runTopLevelLifecycles Finishing
18 silly install printInstalled
19 verbose stack Error: ENOENT: no such file or directory, open '/Users/hyeinyoo/temp/eslint-react-test/@google.maps'
19 verbose stack     at Error (native)
20 verbose cwd /Users/hyeinyoo/temp/eslint-react-test
21 error Darwin 15.6.0
22 error argv "/Users/hyeinyoo/.nvm/versions/node/v6.3.1/bin/node" "/Users/hyeinyoo/.nvm/versions/node/v6.3.1/bin/npm" "i" "--S" "@google.maps"
23 error node v6.3.1
24 error npm  v3.10.3
25 error path /Users/hyeinyoo/temp/eslint-react-test/@google.maps
26 error code ENOENT
27 error errno -2
28 error syscall open
29 error enoent ENOENT: no such file or directory, open '/Users/hyeinyoo/temp/eslint-react-test/@google.maps'
30 error enoent ENOENT: no such file or directory, open '/Users/hyeinyoo/temp/eslint-react-test/@google.maps'
30 error enoent This is most likely not a problem with npm itself
30 error enoent and is related to npm not being able to find a file.
31 verbose exit [ -2, true ]
